  {"level":"DEBUG","time":"2021-10-14T20:14:49.760+0800","caller":"backend/main.go:35","msg":"logger init success ..."}
{"level":"INFO","time":"2021-10-14T20:14:56.523+0800","caller":"logger/logger.go:70","msg":"/api/v1/user","status":200,"method":"GET","path":"/api/v1/user","query":"pageNum=1&pageSize=10","ip":"::1","user-agent":"Mozilla/5.0 (X11; Linux x86_64) AppleWebKit/537.36 (KHTML, like Gecko) Chrome/94.0.4606.81 Safari/537.36","errors":"","cost":0.001074436}
{"level":"INFO","time":"2021-10-14T20:14:58.246+0800","caller":"logger/logger.go:70","msg":"/api/v1/context_list","status":200,"method":"GET","path":"/api/v1/context_list","query":"pageNum=1&pageSize=10","ip":"::1","user-agent":"Mozilla/5.0 (X11; Linux x86_64) AppleWebKit/537.36 (KHTML, like Gecko) Chrome/94.0.4606.81 Safari/537.36","errors":"","cost":0.000924317}
{"level":"ERROR","time":"2021-10-14T20:14:59.348+0800","caller":"server/context.go:120","msg":"mysql ProblemInContext failed","error":"record not found"}
{"level":"ERROR","time":"2021-10-14T20:14:59.350+0800","caller":"server/context.go:120","msg":"mysql ProblemInContext failed","error":"record not found"}
{"level":"INFO","time":"2021-10-14T20:14:59.350+0800","caller":"logger/logger.go:70","msg":"/api/v1/context_problem_list","status":200,"method":"GET","path":"/api/v1/context_problem_list","query":"contextID=1&pageNum=1&pageSize=10","ip":"::1","user-agent":"Mozilla/5.0 (X11; Linux x86_64) AppleWebKit/537.36 (KHTML, like Gecko) Chrome/94.0.4606.81 Safari/537.36","errors":"","cost":0.005289673}
{"level":"INFO","time":"2021-10-14T20:15:00.769+0800","caller":"logger/logger.go:70","msg":"/api/v1/context_problem","status":200,"method":"GET","path":"/api/v1/context_problem","query":"problemID=3&contextID=2","ip":"::1","user-agent":"Mozilla/5.0 (X11; Linux x86_64) AppleWebKit/537.36 (KHTML, like Gecko) Chrome/94.0.4606.81 Safari/537.36","errors":"","cost":0.005710758}
{"level":"INFO","time":"2021-10-14T20:16:08.563+0800","caller":"logger/logger.go:70","msg":"/api/v1/context_list","status":200,"method":"GET","path":"/api/v1/context_list","query":"pageNum=1&pageSize=10","ip":"::1","user-agent":"Mozilla/5.0 (X11; Linux x86_64) AppleWebKit/537.36 (KHTML, like Gecko) Chrome/94.0.4606.81 Safari/537.36","errors":"","cost":0.001682319}
{"level":"INFO","time":"2021-10-14T20:16:09.786+0800","caller":"backend/main.go:75","msg":"Shutdown Server ..."}
{"level":"INFO","time":"2021-10-14T20:16:09.787+0800","caller":"backend/main.go:83","msg":"Server exiting"}
{"level":"DEBUG","time":"2021-10-14T20:16:13.090+0800","caller":"backend/main.go:35","msg":"logger init success ..."}
{"level":"INFO","time":"2021-10-14T20:16:16.419+0800","caller":"logger/logger.go:70","msg":"/api/v1/user","status":200,"method":"GET","path":"/api/v1/user","query":"pageNum=1&pageSize=10","ip":"::1","user-agent":"Mozilla/5.0 (X11; Linux x86_64) AppleWebKit/537.36 (KHTML, like Gecko) Chrome/94.0.4606.81 Safari/537.36","errors":"","cost":0.001393263}
{"level":"INFO","time":"2021-10-14T20:16:16.893+0800","caller":"logger/logger.go:70","msg":"/api/v1/context_list","status":200,"method":"GET","path":"/api/v1/context_list","query":"pageNum=1&pageSize=10","ip":"::1","user-agent":"Mozilla/5.0 (X11; Linux x86_64) AppleWebKit/537.36 (KHTML, like Gecko) Chrome/94.0.4606.81 Safari/537.36","errors":"","cost":0.000889671}
{"level":"ERROR","time":"2021-10-14T20:16:18.257+0800","caller":"server/context.go:120","msg":"mysql ProblemInContext failed","error":"record not found"}
{"level":"ERROR","time":"2021-10-14T20:16:18.259+0800","caller":"server/context.go:120","msg":"mysql ProblemInContext failed","error":"record not found"}
{"level":"INFO","time":"2021-10-14T20:16:18.259+0800","caller":"logger/logger.go:70","msg":"/api/v1/context_problem_list","status":200,"method":"GET","path":"/api/v1/context_problem_list","query":"contextID=1&pageNum=1&pageSize=10","ip":"::1","user-agent":"Mozilla/5.0 (X11; Linux x86_64) AppleWebKit/537.36 (KHTML, like Gecko) Chrome/94.0.4606.81 Safari/537.36","errors":"","cost":0.005181029}
{"level":"INFO","time":"2021-10-14T20:16:21.164+0800","caller":"logger/logger.go:70","msg":"/api/v1/context_problem","status":200,"method":"GET","path":"/api/v1/context_problem","query":"problemID=3&contextID=2","ip":"::1","user-agent":"Mozilla/5.0 (X11; Linux x86_64) AppleWebKit/537.36 (KHTML, like Gecko) Chrome/94.0.4606.81 Safari/537.36","errors":"","cost":0.005350755}
{"level":"INFO","time":"2021-10-14T20:17:19.265+0800","caller":"logger/logger.go:70","msg":"/api/v1/context_list","status":200,"method":"GET","path":"/api/v1/context_list","query":"pageNum=1&pageSize=10","ip":"::1","user-agent":"Mozilla/5.0 (X11; Linux x86_64) AppleWebKit/537.36 (KHTML, like Gecko) Chrome/94.0.4606.81 Safari/537.36","errors":"","cost":0.000656468}
{"level":"INFO","time":"2021-10-14T20:17:24.150+0800","caller":"logger/logger.go:70","msg":"/api/v1/user","status":200,"method":"GET","path":"/api/v1/user","query":"pageNum=1&pageSize=10","ip":"::1","user-agent":"Mozilla/5.0 (X11; Linux x86_64) AppleWebKit/537.36 (KHTML, like Gecko) Chrome/94.0.4606.81 Safari/537.36","errors":"","cost":0.000682616}
{"level":"INFO","time":"2021-10-14T20:17:25.038+0800","caller":"logger/logger.go:70","msg":"/api/v1/context_list","status":200,"method":"GET","path":"/api/v1/context_list","query":"pageNum=1&pageSize=10","ip":"::1","user-agent":"Mozilla/5.0 (X11; Linux x86_64) AppleWebKit/537.36 (KHTML, like Gecko) Chrome/94.0.4606.81 Safari/537.36","errors":"","cost":0.000646097}
{"level":"ERROR","time":"2021-10-14T20:17:26.369+0800","caller":"server/context.go:120","msg":"mysql ProblemInContext failed","error":"record not found"}
{"level":"ERROR","time":"2021-10-14T20:17:26.371+0800","caller":"server/context.go:120","msg":"mysql ProblemInContext failed","error":"record not found"}
{"level":"INFO","time":"2021-10-14T20:17:26.371+0800","caller":"logger/logger.go:70","msg":"/api/v1/context_problem_list","status":200,"method":"GET","path":"/api/v1/context_problem_list","query":"contextID=1&pageNum=1&pageSize=10","ip":"::1","user-agent":"Mozilla/5.0 (X11; Linux x86_64) AppleWebKit/537.36 (KHTML, like Gecko) Chrome/94.0.4606.81 Safari/537.36","errors":"","cost":0.005073011}
{"level":"INFO","time":"2021-10-14T20:18:12.062+0800","caller":"logger/logger.go:70","msg":"/api/v1/context_list","status":200,"method":"GET","path":"/api/v1/context_list","query":"pageNum=1&pageSize=10","ip":"::1","user-agent":"Mozilla/5.0 (X11; Linux x86_64) AppleWebKit/537.36 (KHTML, like Gecko) Chrome/94.0.4606.81 Safari/537.36","errors":"","cost":0.000783969}
{"level":"INFO","time":"2021-10-14T20:18:16.003+0800","caller":"logger/logger.go:70","msg":"/api/v1/user","status":200,"method":"GET","path":"/api/v1/user","query":"pageNum=1&pageSize=10","ip":"::1","user-agent":"Mozilla/5.0 (X11; Linux x86_64) AppleWebKit/537.36 (KHTML, like Gecko) Chrome/94.0.4606.81 Safari/537.36","errors":"","cost":0.000732226}
{"level":"INFO","time":"2021-10-14T20:18:17.163+0800","caller":"logger/logger.go:70","msg":"/api/v1/context_list","status":200,"method":"GET","path":"/api/v1/context_list","query":"pageNum=1&pageSize=10","ip":"::1","user-agent":"Mozilla/5.0 (X11; Linux x86_64) AppleWebKit/537.36 (KHTML, like Gecko) Chrome/94.0.4606.81 Safari/537.36","errors":"","cost":0.000728853}
{"level":"INFO","time":"2021-10-14T20:18:17.901+0800","caller":"logger/logger.go:70","msg":"/api/v1/context_problem_list","status":200,"method":"GET","path":"/api/v1/context_problem_list","query":"contextID=2&pageNum=1&pageSize=10","ip":"::1","user-agent":"Mozilla/5.0 (X11; Linux x86_64) AppleWebKit/537.36 (KHTML, like Gecko) Chrome/94.0.4606.81 Safari/537.36","errors":"","cost":0.003589778}
{"level":"INFO","time":"2021-10-14T20:18:20.569+0800","caller":"logger/logger.go:70","msg":"/api/v1/context_problem","status":200,"method":"DELETE","path":"/api/v1/context_problem","query":"problemID=3&contextID=2","ip":"::1","user-agent":"Mozilla/5.0 (X11; Linux x86_64) AppleWebKit/537.36 (KHTML, like Gecko) Chrome/94.0.4606.81 Safari/537.36","errors":"","cost":0.015230608}
{"level":"ERROR","time":"2021-10-14T20:18:20.601+0800","caller":"server/context.go:120","msg":"mysql ProblemInContext failed","error":"record not found"}
{"level":"INFO","time":"2021-10-14T20:18:20.603+0800","caller":"logger/logger.go:70","msg":"/api/v1/context_problem_list","status":200,"method":"GET","path":"/api/v1/context_problem_list","query":"contextID=2&pageNum=1&pageSize=10","ip":"::1","user-agent":"Mozilla/5.0 (X11; Linux x86_64) AppleWebKit/537.36 (KHTML, like Gecko) Chrome/94.0.4606.81 Safari/537.36","errors":"","cost":0.003412322}
{"level":"INFO","time":"2021-10-14T20:18:21.438+0800","caller":"logger/logger.go:70","msg":"/api/v1/context_problem","status":200,"method":"DELETE","path":"/api/v1/context_problem","query":"problemID=4&contextID=2","ip":"::1","user-agent":"Mozilla/5.0 (X11; Linux x86_64) AppleWebKit/537.36 (KHTML, like Gecko) Chrome/94.0.4606.81 Safari/537.36","errors":"","cost":0.009070735}
{"level":"ERROR","time":"2021-10-14T20:18:21.468+0800","caller":"server/context.go:120","msg":"mysql ProblemInContext failed","error":"record not found"}
{"level":"ERROR","time":"2021-10-14T20:18:21.470+0800","caller":"server/context.go:120","msg":"mysql ProblemInContext failed","error":"record not found"}
{"level":"INFO","time":"2021-10-14T20:18:21.470+0800","caller":"logger/logger.go:70","msg":"/api/v1/context_problem_list","status":200,"method":"GET","path":"/api/v1/context_problem_list","query":"contextID=2&pageNum=1&pageSize=10","ip":"::1","user-agent":"Mozilla/5.0 (X11; Linux x86_64) AppleWebKit/537.36 (KHTML, like Gecko) Chrome/94.0.4606.81 Safari/537.36","errors":"","cost":0.004294004}
{"level":"ERROR","time":"2021-10-14T20:18:23.653+0800","caller":"server/context.go:120","msg":"mysql ProblemInContext failed","error":"record not found"}
{"level":"INFO","time":"2021-10-14T20:18:23.654+0800","caller":"logger/logger.go:70","msg":"/api/v1/context_problem","status":200,"method":"GET","path":"/api/v1/context_problem","query":"problemID=3&contextID=2","ip":"::1","user-agent":"Mozilla/5.0 (X11; Linux x86_64) AppleWebKit/537.36 (KHTML, like Gecko) Chrome/94.0.4606.81 Safari/537.36","errors":"","cost":0.004836959}
{"level":"INFO","time":"2021-10-14T20:18:23.668+0800","caller":"logger/logger.go:70","msg":"/api/v1/context_problem","status":200,"method":"POST","path":"/api/v1/context_problem","query":"","ip":"::1","user-agent":"Mozilla/5.0 (X11; Linux x86_64) AppleWebKit/537.36 (KHTML, like Gecko) Chrome/94.0.4606.81 Safari/537.36","errors":"","cost":0.004764189}
{"level":"ERROR","time":"2021-10-14T20:18:23.697+0800","caller":"server/context.go:120","msg":"mysql ProblemInContext failed","error":"record not found"}
{"level":"INFO","time":"2021-10-14T20:18:23.697+0800","caller":"logger/logger.go:70","msg":"/api/v1/context_problem_list","status":200,"method":"GET","path":"/api/v1/context_problem_list","query":"contextID=2&pageNum=1&pageSize=10","ip":"::1","user-agent":"Mozilla/5.0 (X11; Linux x86_64) AppleWebKit/537.36 (KHTML, like Gecko) Chrome/94.0.4606.81 Safari/537.36","errors":"","cost":0.00315248}
{"level":"ERROR","time":"2021-10-14T20:18:24.366+0800","caller":"server/context.go:120","msg":"mysql ProblemInContext failed","error":"record not found"}
{"level":"INFO","time":"2021-10-14T20:18:24.366+0800","caller":"logger/logger.go:70","msg":"/api/v1/context_problem","status":200,"method":"GET","path":"/api/v1/context_problem","query":"problemID=4&contextID=2","ip":"::1","user-agent":"Mozilla/5.0 (X11; Linux x86_64) AppleWebKit/537.36 (KHTML, like Gecko) Chrome/94.0.4606.81 Safari/537.36","errors":"","cost":0.002737825}
{"level":"INFO","time":"2021-10-14T20:18:24.382+0800","caller":"logger/logger.go:70","msg":"/api/v1/context_problem","status":200,"method":"POST","path":"/api/v1/context_problem","query":"","ip":"::1","user-agent":"Mozilla/5.0 (X11; Linux x86_64) AppleWebKit/537.36 (KHTML, like Gecko) Chrome/94.0.4606.81 Safari/537.36","errors":"","cost":0.009163676}
{"level":"INFO","time":"2021-10-14T20:18:24.401+0800","caller":"logger/logger.go:70","msg":"/api/v1/context_problem_list","status":200,"method":"GET","path":"/api/v1/context_problem_list","query":"contextID=2&pageNum=1&pageSize=10","ip":"::1","user-agent":"Mozilla/5.0 (X11; Linux x86_64) AppleWebKit/537.36 (KHTML, like Gecko) Chrome/94.0.4606.81 Safari/537.36","errors":"","cost":0.002533069}
{"level":"INFO","time":"2021-10-14T20:18:26.843+0800","caller":"logger/logger.go:70","msg":"/api/v1/context_problem","status":200,"method":"DELETE","path":"/api/v1/context_problem","query":"problemID=3&contextID=2","ip":"::1","user-agent":"Mozilla/5.0 (X11; Linux x86_64) AppleWebKit/537.36 (KHTML, like Gecko) Chrome/94.0.4606.81 Safari/537.36","errors":"","cost":0.010300671}
{"level":"ERROR","time":"2021-10-14T20:18:26.874+0800","caller":"server/context.go:120","msg":"mysql ProblemInContext failed","error":"record not found"}
{"level":"INFO","time":"2021-10-14T20:18:26.875+0800","caller":"logger/logger.go:70","msg":"/api/v1/context_problem_list","status":200,"method":"GET","path":"/api/v1/context_problem_list","query":"contextID=2&pageNum=1&pageSize=10","ip":"::1","user-agent":"Mozilla/5.0 (X11; Linux x86_64) AppleWebKit/537.36 (KHTML, like Gecko) Chrome/94.0.4606.81 Safari/537.36","errors":"","cost":0.003052634}
{"level":"INFO","time":"2021-10-14T20:18:27.493+0800","caller":"logger/logger.go:70","msg":"/api/v1/context_problem","status":200,"method":"DELETE","path":"/api/v1/context_problem","query":"problemID=4&contextID=2","ip":"::1","user-agent":"Mozilla/5.0 (X11; Linux x86_64) AppleWebKit/537.36 (KHTML, like Gecko) Chrome/94.0.4606.81 Safari/537.36","errors":"","cost":0.012834519}
{"level":"ERROR","time":"2021-10-14T20:18:27.518+0800","caller":"server/context.go:120","msg":"mysql ProblemInContext failed","error":"record not found"}
{"level":"ERROR","time":"2021-10-14T20:18:27.519+0800","caller":"server/context.go:120","msg":"mysql ProblemInContext failed","error":"record not found"}
{"level":"INFO","time":"2021-10-14T20:18:27.520+0800","caller":"logger/logger.go:70","msg":"/api/v1/context_problem_list","status":200,"method":"GET","path":"/api/v1/context_problem_list","query":"contextID=2&pageNum=1&pageSize=10","ip":"::1","user-agent":"Mozilla/5.0 (X11; Linux x86_64) AppleWebKit/537.36 (KHTML, like Gecko) Chrome/94.0.4606.81 Safari/537.36","errors":"","cost":0.003645806}
{"level":"INFO","time":"2021-10-14T20:18:39.297+0800","caller":"logger/logger.go:70","msg":"/api/v1/context_problem_list","status":200,"method":"GET","path":"/api/v1/context_problem_list","query":"contextID=5&pageNum=1&pageSize=10","ip":"::1","user-agent":"Mozilla/5.0 (X11; Linux x86_64) AppleWebKit/537.36 (KHTML, like Gecko) Chrome/94.0.4606.81 Safari/537.36","errors":"","cost":0.004891041}
{"level":"INFO","time":"2021-10-14T20:18:40.612+0800","caller":"logger/logger.go:70","msg":"/api/v1/context_problem","status":200,"method":"DELETE","path":"/api/v1/context_problem","query":"problemID=3&contextID=5","ip":"::1","user-agent":"Mozilla/5.0 (X11; Linux x86_64) AppleWebKit/537.36 (KHTML, like Gecko) Chrome/94.0.4606.81 Safari/537.36","errors":"","cost":0.007828816}
{"level":"ERROR","time":"2021-10-14T20:18:40.642+0800","caller":"server/context.go:120","msg":"mysql ProblemInContext failed","error":"record not found"}
{"level":"INFO","time":"2021-10-14T20:18:40.644+0800","caller":"logger/logger.go:70","msg":"/api/v1/context_problem_list","status":200,"method":"GET","path":"/api/v1/context_problem_list","query":"contextID=5&pageNum=1&pageSize=10","ip":"::1","user-agent":"Mozilla/5.0 (X11; Linux x86_64) AppleWebKit/537.36 (KHTML, like Gecko) Chrome/94.0.4606.81 Safari/537.36","errors":"","cost":0.00455974}
{"level":"INFO","time":"2021-10-14T20:18:41.290+0800","caller":"logger/logger.go:70","msg":"/api/v1/context_problem","status":200,"method":"DELETE","path":"/api/v1/context_problem","query":"problemID=4&contextID=5","ip":"::1","user-agent":"Mozilla/5.0 (X11; Linux x86_64) AppleWebKit/537.36 (KHTML, like Gecko) Chrome/94.0.4606.81 Safari/537.36","errors":"","cost":0.010610507}
{"level":"ERROR","time":"2021-10-14T20:18:41.327+0800","caller":"server/context.go:120","msg":"mysql ProblemInContext failed","error":"record not found"}
{"level":"ERROR","time":"2021-10-14T20:18:41.330+0800","caller":"server/context.go:120","msg":"mysql ProblemInContext failed","error":"record not found"}
{"level":"INFO","time":"2021-10-14T20:18:41.330+0800","caller":"logger/logger.go:70","msg":"/api/v1/context_problem_list","status":200,"method":"GET","path":"/api/v1/context_problem_list","query":"contextID=5&pageNum=1&pageSize=10","ip":"::1","user-agent":"Mozilla/5.0 (X11; Linux x86_64) AppleWebKit/537.36 (KHTML, like Gecko) Chrome/94.0.4606.81 Safari/537.36","errors":"","cost":0.00643878}
{"level":"INFO","time":"2021-10-14T20:19:01.863+0800","caller":"logger/logger.go:70","msg":"/api/v1/context_list","status":200,"method":"GET","path":"/api/v1/context_list","query":"pageNum=1&pageSize=10","ip":"::1","user-agent":"Mozilla/5.0 (X11; Linux x86_64) AppleWebKit/537.36 (KHTML, like Gecko) Chrome/94.0.4606.81 Safari/537.36","errors":"","cost":0.000804317}
{"level":"INFO","time":"2021-10-14T20:19:06.752+0800","caller":"logger/logger.go:70","msg":"/api/v1/context_list","status":200,"method":"GET","path":"/api/v1/context_list","query":"pageNum=1&pageSize=10","ip":"::1","user-agent":"Mozilla/5.0 (X11; Linux x86_64) AppleWebKit/537.36 (KHTML, like Gecko) Chrome/94.0.4606.81 Safari/537.36","errors":"","cost":0.000634289}
{"level":"ERROR","time":"2021-10-14T20:19:08.957+0800","caller":"server/context.go:120","msg":"mysql ProblemInContext failed","error":"record not found"}
{"level":"ERROR","time":"2021-10-14T20:19:08.959+0800","caller":"server/context.go:120","msg":"mysql ProblemInContext failed","error":"record not found"}
{"level":"INFO","time":"2021-10-14T20:19:08.959+0800","caller":"logger/logger.go:70","msg":"/api/v1/context_problem_list","status":200,"method":"GET","path":"/api/v1/context_problem_list","query":"contextID=2&pageNum=1&pageSize=10","ip":"::1","user-agent":"Mozilla/5.0 (X11; Linux x86_64) AppleWebKit/537.36 (KHTML, like Gecko) Chrome/94.0.4606.81 Safari/537.36","errors":"","cost":0.005933935}
{"level":"INFO","time":"2021-10-14T20:19:11.313+0800","caller":"logger/logger.go:70","msg":"/api/v1/user","status":200,"method":"GET","path":"/api/v1/user","query":"pageNum=1&pageSize=10","ip":"::1","user-agent":"Mozilla/5.0 (X11; Linux x86_64) AppleWebKit/537.36 (KHTML, like Gecko) Chrome/94.0.4606.81 Safari/537.36","errors":"","cost":0.000682927}
{"level":"INFO","time":"2021-10-14T20:19:13.172+0800","caller":"logger/logger.go:70","msg":"/api/v1/context_list","status":200,"method":"GET","path":"/api/v1/context_list","query":"pageNum=1&pageSize=10","ip":"::1","user-agent":"Mozilla/5.0 (X11; Linux x86_64) AppleWebKit/537.36 (KHTML, like Gecko) Chrome/94.0.4606.81 Safari/537.36","errors":"","cost":0.000922672}
{"level":"INFO","time":"2021-10-14T20:19:16.299+0800","caller":"logger/logger.go:70","msg":"/api/v1/context_list","status":200,"method":"GET","path":"/api/v1/context_list","query":"pageNum=1&pageSize=10","ip":"::1","user-agent":"Mozilla/5.0 (X11; Linux x86_64) AppleWebKit/537.36 (KHTML, like Gecko) Chrome/94.0.4606.81 Safari/537.36","errors":"","cost":0.000670631}
{"level":"INFO","time":"2021-10-14T20:19:19.926+0800","caller":"logger/logger.go:70","msg":"/api/v1/context_list","status":200,"method":"GET","path":"/api/v1/context_list","query":"pageNum=1&pageSize=10","ip":"::1","user-agent":"Mozilla/5.0 (X11; Linux x86_64) AppleWebKit/537.36 (KHTML, like Gecko) Chrome/94.0.4606.81 Safari/537.36","errors":"","cost":0.000557501}
{"level":"INFO","time":"2021-10-14T20:19:20.715+0800","caller":"logger/logger.go:70","msg":"/api/v1/context/1","status":200,"method":"GET","path":"/api/v1/context/1","query":"","ip":"::1","user-agent":"Mozilla/5.0 (X11; Linux x86_64) AppleWebKit/537.36 (KHTML, like Gecko) Chrome/94.0.4606.81 Safari/537.36","errors":"","cost":0.000641955}
{"level":"INFO","time":"2021-10-14T20:19:23.337+0800","caller":"logger/logger.go:70","msg":"/api/v1/user","status":200,"method":"GET","path":"/api/v1/user","query":"pageNum=1&pageSize=10","ip":"::1","user-agent":"Mozilla/5.0 (X11; Linux x86_64) AppleWebKit/537.36 (KHTML, like Gecko) Chrome/94.0.4606.81 Safari/537.36","errors":"","cost":0.000673458}
{"level":"INFO","time":"2021-10-14T20:19:24.401+0800","caller":"logger/logger.go:70","msg":"/api/v1/context_list","status":200,"method":"GET","path":"/api/v1/context_list","query":"pageNum=1&pageSize=10","ip":"::1","user-agent":"Mozilla/5.0 (X11; Linux x86_64) AppleWebKit/537.36 (KHTML, like Gecko) Chrome/94.0.4606.81 Safari/537.36","errors":"","cost":0.000626701}
{"level":"INFO","time":"2021-10-14T20:19:24.952+0800","caller":"logger/logger.go:70","msg":"/api/v1/problem","status":200,"method":"GET","path":"/api/v1/problem","query":"pageNum=1&pageSize=10","ip":"::1","user-agent":"Mozilla/5.0 (X11; Linux x86_64) AppleWebKit/537.36 (KHTML, like Gecko) Chrome/94.0.4606.81 Safari/537.36","errors":"","cost":0.000820629}
{"level":"INFO","time":"2021-10-14T20:19:25.375+0800","caller":"logger/logger.go:70","msg":"/api/v1/user","status":200,"method":"GET","path":"/api/v1/user","query":"pageNum=1&pageSize=10","ip":"::1","user-agent":"Mozilla/5.0 (X11; Linux x86_64) AppleWebKit/537.36 (KHTML, like Gecko) Chrome/94.0.4606.81 Safari/537.36","errors":"","cost":0.000744723}
{"level":"INFO","time":"2021-10-14T20:19:25.890+0800","caller":"logger/logger.go:70","msg":"/api/v1/category_list","status":200,"method":"GET","path":"/api/v1/category_list","query":"pageNum=1&pageSize=10","ip":"::1","user-agent":"Mozilla/5.0 (X11; Linux x86_64) AppleWebKit/537.36 (KHTML, like Gecko) Chrome/94.0.4606.81 Safari/537.36","errors":"","cost":0.001138633}
